TN:
SF:src/prueba.ts
FN:10,add
FNF:1
FNH:1
FNDA:2,add
DA:1,1
DA:2,1
DA:3,1
DA:4,1
DA:5,1
DA:6,1
DA:7,1
DA:8,1
DA:9,1
DA:10,1
DA:11,2
DA:12,2
LF:12
LH:12
BRDA:10,0,0,2
BRF:1
BRH:1
end_of_record
TN:
SF:src/practica/FilterMapAddReduce.ts
FN:4,reduce
FN:17,afterFiltering
FN:26,afterMapping
FNF:3
FNH:3
FNDA:3,reduce
FNDA:3,afterFiltering
FNDA:3,afterMapping
DA:1,1
DA:2,1
DA:3,1
DA:4,1
DA:5,3
DA:6,3
DA:7,4
DA:8,4
DA:9,3
DA:10,3
DA:11,1
DA:12,1
DA:13,1
DA:14,1
DA:15,1
DA:16,1
DA:17,1
DA:18,3
DA:19,3
DA:20,1
DA:21,1
DA:22,1
DA:23,1
DA:24,1
DA:25,1
DA:26,1
DA:27,3
DA:28,3
DA:29,1
DA:30,1
LF:30
LH:30
BRDA:4,0,0,3
BRDA:6,1,0,4
BRDA:17,2,0,3
BRDA:26,3,0,3
BRF:4
BRH:4
end_of_record
TN:
SF:src/practica/FilterMapDivReduce.ts
FN:10,reduce
FN:27,afterFiltering
FN:36,afterMapping
FNF:3
FNH:3
FNDA:3,reduce
FNDA:3,afterFiltering
FNDA:3,afterMapping
DA:1,1
DA:2,1
DA:3,1
DA:4,1
DA:5,1
DA:6,1
DA:7,1
DA:8,1
DA:9,1
DA:10,1
DA:11,3
DA:12,2
DA:13,2
DA:14,1
DA:15,3
DA:16,2
DA:17,2
DA:18,1
DA:19,1
DA:20,1
DA:21,1
DA:22,1
DA:23,1
DA:24,1
DA:25,1
DA:26,1
DA:27,1
DA:28,3
DA:29,3
DA:30,1
DA:31,1
DA:32,1
DA:33,1
DA:34,1
DA:35,1
DA:36,1
DA:37,3
DA:38,3
DA:39,1
LF:39
LH:39
BRDA:10,0,0,3
BRDA:11,1,0,2
BRDA:11,2,0,2
BRDA:14,3,0,1
BRDA:15,4,0,2
BRDA:18,5,0,1
BRDA:27,6,0,3
BRDA:36,7,0,3
BRF:8
BRH:8
end_of_record
TN:
SF:src/practica/FilterMapProdReduce.ts
FN:9,reduce
FN:22,afterFiltering
FN:30,afterMapping
FNF:3
FNH:3
FNDA:3,reduce
FNDA:3,afterFiltering
FNDA:3,afterMapping
DA:1,1
DA:2,1
DA:3,1
DA:4,1
DA:5,1
DA:6,1
DA:7,1
DA:8,1
DA:9,1
DA:10,3
DA:11,3
DA:12,4
DA:13,4
DA:14,3
DA:15,3
DA:16,1
DA:17,1
DA:18,1
DA:19,1
DA:20,1
DA:21,1
DA:22,1
DA:23,3
DA:24,1
DA:25,1
DA:26,1
DA:27,1
DA:28,1
DA:29,1
DA:30,1
DA:31,3
DA:32,3
DA:33,1
LF:33
LH:33
BRDA:9,0,0,3
BRDA:11,1,0,4
BRDA:22,2,0,3
BRDA:30,3,0,3
BRF:4
BRH:4
end_of_record
TN:
SF:src/practica/FilterMapSubReduce.ts
FN:4,reduce
FN:14,afterFiltering
FN:19,afterMapping
FNF:3
FNH:3
FNDA:3,reduce
FNDA:3,afterFiltering
FNDA:3,afterMapping
DA:1,1
DA:2,1
DA:3,1
DA:4,1
DA:5,3
DA:6,3
DA:7,4
DA:8,4
DA:9,3
DA:10,3
DA:11,1
DA:12,1
DA:13,1
DA:14,1
DA:15,3
DA:16,1
DA:17,1
DA:18,1
DA:19,1
DA:20,3
DA:21,3
DA:22,1
LF:22
LH:22
BRDA:4,0,0,3
BRDA:6,1,0,4
BRDA:7,2,0,2
BRDA:7,3,0,2
BRDA:14,4,0,3
BRDA:19,5,0,3
BRF:6
BRH:6
end_of_record
TN:
SF:src/practica/NumberListProcessor.ts
FN:13,processNumbers
FN:27,filter
FN:43,map
FN:66,filterPredicate
FN:75,mapFunction
FN:84,afterFiltering
FN:95,afterMapping
FNF:7
FNH:5
FNDA:12,processNumbers
FNDA:12,filter
FNDA:12,map
FNDA:18,filterPredicate
FNDA:18,mapFunction
FNDA:0,afterFiltering
FNDA:0,afterMapping
DA:1,1
DA:2,1
DA:3,1
DA:4,1
DA:5,1
DA:6,1
DA:7,1
DA:8,1
DA:9,1
DA:10,1
DA:11,1
DA:12,1
DA:13,1
DA:14,12
DA:15,12
DA:16,12
DA:17,12
DA:18,12
DA:19,12
DA:20,12
DA:21,12
DA:22,12
DA:23,12
DA:24,12
DA:25,12
DA:26,1
DA:27,1
DA:28,12
DA:29,12
DA:30,18
DA:31,18
DA:32,18
DA:33,18
DA:34,18
DA:35,12
DA:36,12
DA:37,1
DA:38,1
DA:39,1
DA:40,1
DA:41,1
DA:42,1
DA:43,1
DA:44,12
DA:45,12
DA:46,18
DA:47,18
DA:48,18
DA:49,12
DA:50,12
DA:51,1
DA:52,1
DA:53,1
DA:54,1
DA:55,1
DA:56,1
DA:57,1
DA:58,1
DA:59,1
DA:60,1
DA:61,1
DA:62,1
DA:63,1
DA:64,1
DA:65,1
DA:66,1
DA:67,18
DA:68,18
DA:69,1
DA:70,1
DA:71,1
DA:72,1
DA:73,1
DA:74,1
DA:75,1
DA:76,18
DA:77,18
DA:78,1
DA:79,1
DA:80,1
DA:81,1
DA:82,1
DA:83,1
DA:84,1
DA:85,0
DA:86,0
DA:87,0
DA:88,0
DA:89,1
DA:90,1
DA:91,1
DA:92,1
DA:93,1
DA:94,1
DA:95,1
DA:96,0
DA:97,0
DA:98,1
LF:98
LH:92
BRDA:13,0,0,12
BRDA:27,1,0,12
BRDA:29,2,0,18
BRDA:43,3,0,12
BRDA:45,4,0,18
BRDA:66,5,0,18
BRDA:75,6,0,18
BRF:7
BRH:7
end_of_record
