TN:
SF:src/prueba.ts
FN:10,add
FNF:1
FNH:1
FNDA:2,add
DA:1,1
DA:2,1
DA:3,1
DA:4,1
DA:5,1
DA:6,1
DA:7,1
DA:8,1
DA:9,1
DA:10,1
DA:11,2
DA:12,2
LF:12
LH:12
BRDA:10,0,0,2
BRF:1
BRH:1
end_of_record
TN:
SF:src/practica/FilterMapDivReduce.ts
FN:19,reduce
FN:33,afterFiltering
FN:42,afterMapping
FNF:3
FNH:3
FNDA:3,reduce
FNDA:3,afterFiltering
FNDA:3,afterMapping
DA:1,1
DA:2,1
DA:3,1
DA:4,1
DA:5,1
DA:6,1
DA:7,1
DA:8,1
DA:9,1
DA:10,1
DA:11,1
DA:12,1
DA:13,1
DA:14,1
DA:15,1
DA:16,1
DA:17,1
DA:18,1
DA:19,1
DA:20,3
DA:21,2
DA:22,2
DA:23,1
DA:24,2
DA:25,1
DA:26,1
DA:27,1
DA:28,1
DA:29,1
DA:30,1
DA:31,1
DA:32,1
DA:33,1
DA:34,3
DA:35,3
DA:36,1
DA:37,1
DA:38,1
DA:39,1
DA:40,1
DA:41,1
DA:42,1
DA:43,3
DA:44,3
DA:45,1
LF:45
LH:45
BRDA:19,0,0,3
BRDA:20,1,0,2
BRDA:20,2,0,2
BRDA:23,3,0,1
BRDA:23,4,0,2
BRDA:24,5,0,0
BRDA:33,6,0,3
BRDA:42,7,0,3
BRF:8
BRH:7
end_of_record
TN:
SF:src/practica/FilterMapProdReduce.ts
FN:16,reduce
FN:24,afterFiltering
FN:32,afterMapping
FNF:3
FNH:3
FNDA:3,reduce
FNDA:3,afterFiltering
FNDA:3,afterMapping
DA:1,1
DA:2,1
DA:3,1
DA:4,1
DA:5,1
DA:6,1
DA:7,1
DA:8,1
DA:9,1
DA:10,1
DA:11,1
DA:12,1
DA:13,1
DA:14,1
DA:15,1
DA:16,1
DA:17,3
DA:18,3
DA:19,1
DA:20,1
DA:21,1
DA:22,1
DA:23,1
DA:24,1
DA:25,3
DA:26,3
DA:27,1
DA:28,1
DA:29,1
DA:30,1
DA:31,1
DA:32,1
DA:33,3
DA:34,3
DA:35,1
LF:35
LH:35
BRDA:16,0,0,3
BRDA:17,1,0,4
BRDA:24,2,0,3
BRDA:32,3,0,3
BRF:4
BRH:4
end_of_record
TN:
SF:src/practica/FilterMapSubReduce.ts
FN:4,reduce
FN:12,afterFiltering
FN:16,afterMapping
FNF:3
FNH:3
FNDA:3,reduce
FNDA:3,afterFiltering
FNDA:3,afterMapping
DA:1,1
DA:2,1
DA:3,1
DA:4,1
DA:5,3
DA:6,4
DA:7,3
DA:8,3
DA:9,1
DA:10,1
DA:11,1
DA:12,1
DA:13,3
DA:14,3
DA:15,1
DA:16,1
DA:17,3
DA:18,3
DA:19,1
LF:19
LH:19
BRDA:4,0,0,3
BRDA:5,1,0,4
BRDA:6,2,0,2
BRDA:6,3,0,2
BRDA:12,4,0,3
BRDA:16,5,0,3
BRF:6
BRH:6
end_of_record
TN:
SF:src/practica/NumberListProcessor.ts
FN:13,processNumbers
FN:26,filter
FN:35,map
FN:52,filterPredicate
FN:61,mapFunction
FN:70,afterFiltering
FN:79,afterMapping
FNF:7
FNH:5
FNDA:9,processNumbers
FNDA:9,filter
FNDA:9,map
FNDA:14,filterPredicate
FNDA:14,mapFunction
FNDA:0,afterFiltering
FNDA:0,afterMapping
DA:1,1
DA:2,1
DA:3,1
DA:4,1
DA:5,1
DA:6,1
DA:7,1
DA:8,1
DA:9,1
DA:10,1
DA:11,1
DA:12,1
DA:13,1
DA:14,9
DA:15,9
DA:16,9
DA:17,9
DA:18,9
DA:19,9
DA:20,1
DA:21,1
DA:22,1
DA:23,1
DA:24,1
DA:25,1
DA:26,1
DA:27,9
DA:28,9
DA:29,1
DA:30,1
DA:31,1
DA:32,1
DA:33,1
DA:34,1
DA:35,1
DA:36,9
DA:37,9
DA:38,1
DA:39,1
DA:40,1
DA:41,1
DA:42,1
DA:43,1
DA:44,1
DA:45,1
DA:46,1
DA:47,1
DA:48,1
DA:49,1
DA:50,1
DA:51,1
DA:52,1
DA:53,14
DA:54,14
DA:55,1
DA:56,1
DA:57,1
DA:58,1
DA:59,1
DA:60,1
DA:61,1
DA:62,14
DA:63,14
DA:64,1
DA:65,1
DA:66,1
DA:67,1
DA:68,1
DA:69,1
DA:70,1
DA:71,0
DA:72,0
DA:73,1
DA:74,1
DA:75,1
DA:76,1
DA:77,1
DA:78,1
DA:79,1
DA:80,0
DA:81,0
DA:82,1
LF:82
LH:78
BRDA:13,0,0,9
BRDA:26,1,0,9
BRDA:35,2,0,9
BRDA:52,3,0,14
BRDA:61,4,0,14
BRF:5
BRH:5
end_of_record
